[0.008s] Invoking command in '/home/mahdi/flutter_projects/lwarriors_drone_ws/build/rangers': CMAKE_PREFIX_PATH=${CMAKE_PREFIX_PATH}:/opt/ros/humble /usr/bin/cmake --build /home/mahdi/flutter_projects/lwarriors_drone_ws/build/rangers -- -j8 -l8
[0.014s] [0mCMake Error: The current CMakeCache.txt directory /home/mahdi/flutter_projects/lwarriors_drone_ws/build/rangers/CMakeCache.txt is different than the directory /home/mahdi/Downloads/rangers/build/rangers where CMakeCache.txt was created. This may result in binaries being created in the wrong place. If you are not sure, reedit the CMakeCache.txt[0m
[0.037s] Invoked command in '/home/mahdi/flutter_projects/lwarriors_drone_ws/build/rangers' returned '0': CMAKE_PREFIX_PATH=${CMAKE_PREFIX_PATH}:/opt/ros/humble /usr/bin/cmake --build /home/mahdi/flutter_projects/lwarriors_drone_ws/build/rangers -- -j8 -l8
[0.062s] Invoking command in '/home/mahdi/flutter_projects/lwarriors_drone_ws/build/rangers': CMAKE_PREFIX_PATH=${CMAKE_PREFIX_PATH}:/opt/ros/humble /usr/bin/cmake --install /home/mahdi/flutter_projects/lwarriors_drone_ws/build/rangers
[0.068s] -- Install configuration: ""
[0.068s] -- Up-to-date: /home/mahdi/Downloads/rangers/install/rangers/share/rangers/config
[0.068s] -- Up-to-date: /home/mahdi/Downloads/rangers/install/rangers/share/rangers/config/empty.yaml
[0.068s] -- Up-to-date: /home/mahdi/Downloads/rangers/install/rangers/share/rangers/config/view_bot.rviz
[0.068s] -- Up-to-date: /home/mahdi/Downloads/rangers/install/rangers/share/rangers/config/drive_bot.rviz
[0.068s] -- Up-to-date: /home/mahdi/Downloads/rangers/install/rangers/share/rangers/description
[0.068s] -- Up-to-date: /home/mahdi/Downloads/rangers/install/rangers/share/rangers/description/gazebo_control.xacro
[0.068s] -- Up-to-date: /home/mahdi/Downloads/rangers/install/rangers/share/rangers/description/inertial_macros.xacro
[0.068s] -- Up-to-date: /home/mahdi/Downloads/rangers/install/rangers/share/rangers/description/robot.urdf.xacro
[0.069s] -- Up-to-date: /home/mahdi/Downloads/rangers/install/rangers/share/rangers/description/robot_core.xacro
[0.069s] -- Up-to-date: /home/mahdi/Downloads/rangers/install/rangers/share/rangers/launch
[0.069s] -- Up-to-date: /home/mahdi/Downloads/rangers/install/rangers/share/rangers/launch/launch_sim.launch.py
[0.069s] -- Up-to-date: /home/mahdi/Downloads/rangers/install/rangers/share/rangers/launch/rsp.launch.py
[0.069s] -- Up-to-date: /home/mahdi/Downloads/rangers/install/rangers/share/rangers/worlds
[0.069s] -- Up-to-date: /home/mahdi/Downloads/rangers/install/rangers/share/rangers/worlds/obstacles.world
[0.069s] -- Up-to-date: /home/mahdi/Downloads/rangers/install/rangers/share/rangers/worlds/empty.world
[0.069s] [31mCMake Error at cmake_install.cmake:55 (file):
[0.069s]   file INSTALL cannot find
[0.069s]   "/home/mahdi/Downloads/rangers/build/rangers/ament_cmake_index/share/ament_index/resource_index/package_run_dependencies/rangers":
[0.069s]   No such file or directory.
[0.069s] 
[0.069s] [0m
[0.070s] Invoked command in '/home/mahdi/flutter_projects/lwarriors_drone_ws/build/rangers' returned '1': CMAKE_PREFIX_PATH=${CMAKE_PREFIX_PATH}:/opt/ros/humble /usr/bin/cmake --install /home/mahdi/flutter_projects/lwarriors_drone_ws/build/rangers
