-- Install configuration: ""
-- Up-to-date: /home/mahdi/flutter_projects/lwarriors_drone_ws/install/rangers/share/rangers/config
-- Up-to-date: /home/mahdi/flutter_projects/lwarriors_drone_ws/install/rangers/share/rangers/config/empty.yaml
-- Up-to-date: /home/mahdi/flutter_projects/lwarriors_drone_ws/install/rangers/share/rangers/config/view_bot.rviz
-- Up-to-date: /home/mahdi/flutter_projects/lwarriors_drone_ws/install/rangers/share/rangers/config/drive_bot.rviz
-- Up-to-date: /home/mahdi/flutter_projects/lwarriors_drone_ws/install/rangers/share/rangers/description
-- Up-to-date: /home/mahdi/flutter_projects/lwarriors_drone_ws/install/rangers/share/rangers/description/gazebo_control.xacro
-- Up-to-date: /home/mahdi/flutter_projects/lwarriors_drone_ws/install/rangers/share/rangers/description/inertial_macros.xacro
-- Up-to-date: /home/mahdi/flutter_projects/lwarriors_drone_ws/install/rangers/share/rangers/description/robot.urdf.xacro
-- Up-to-date: /home/mahdi/flutter_projects/lwarriors_drone_ws/install/rangers/share/rangers/description/robot_core.xacro
-- Up-to-date: /home/mahdi/flutter_projects/lwarriors_drone_ws/install/rangers/share/rangers/launch
-- Up-to-date: /home/mahdi/flutter_projects/lwarriors_drone_ws/install/rangers/share/rangers/launch/launch_sim.launch.py
-- Up-to-date: /home/mahdi/flutter_projects/lwarriors_drone_ws/install/rangers/share/rangers/launch/rsp.launch.py
-- Up-to-date: /home/mahdi/flutter_projects/lwarriors_drone_ws/install/rangers/share/rangers/worlds
-- Up-to-date: /home/mahdi/flutter_projects/lwarriors_drone_ws/install/rangers/share/rangers/worlds/obstacles.world
-- Up-to-date: /home/mahdi/flutter_projects/lwarriors_drone_ws/install/rangers/share/rangers/worlds/empty.world
-- Up-to-date: /home/mahdi/flutter_projects/lwarriors_drone_ws/install/rangers/share/ament_index/resource_index/package_run_dependencies/rangers
-- Up-to-date: /home/mahdi/flutter_projects/lwarriors_drone_ws/install/rangers/share/ament_index/resource_index/parent_prefix_path/rangers
-- Up-to-date: /home/mahdi/flutter_projects/lwarriors_drone_ws/install/rangers/share/rangers/environment/ament_prefix_path.sh
-- Up-to-date: /home/mahdi/flutter_projects/lwarriors_drone_ws/install/rangers/share/rangers/environment/ament_prefix_path.dsv
-- Up-to-date: /home/mahdi/flutter_projects/lwarriors_drone_ws/install/rangers/share/rangers/environment/path.sh
-- Up-to-date: /home/mahdi/flutter_projects/lwarriors_drone_ws/install/rangers/share/rangers/environment/path.dsv
-- Up-to-date: /home/mahdi/flutter_projects/lwarriors_drone_ws/install/rangers/share/rangers/local_setup.bash
-- Up-to-date: /home/mahdi/flutter_projects/lwarriors_drone_ws/install/rangers/share/rangers/local_setup.sh
-- Up-to-date: /home/mahdi/flutter_projects/lwarriors_drone_ws/install/rangers/share/rangers/local_setup.zsh
-- Up-to-date: /home/mahdi/flutter_projects/lwarriors_drone_ws/install/rangers/share/rangers/local_setup.dsv
-- Installing: /home/mahdi/flutter_projects/lwarriors_drone_ws/install/rangers/share/rangers/package.dsv
-- Up-to-date: /home/mahdi/flutter_projects/lwarriors_drone_ws/install/rangers/share/ament_index/resource_index/packages/rangers
-- Up-to-date: /home/mahdi/flutter_projects/lwarriors_drone_ws/install/rangers/share/rangers/cmake/rangersConfig.cmake
-- Up-to-date: /home/mahdi/flutter_projects/lwarriors_drone_ws/install/rangers/share/rangers/cmake/rangersConfig-version.cmake
-- Up-to-date: /home/mahdi/flutter_projects/lwarriors_drone_ws/install/rangers/share/rangers/package.xml
