[0.007s] Invoking command in '/home/mahdi/flutter_projects/lwarriors_drone_ws/build/rangers': CMAKE_PREFIX_PATH=${CMAKE_PREFIX_PATH}:/opt/ros/humble /usr/bin/cmake /home/mahdi/flutter_projects/lwarriors_drone_ws/src/rangers -DCMAKE_INSTALL_PREFIX=/home/mahdi/flutter_projects/lwarriors_drone_ws/install/rangers
[0.047s] -- The C compiler identification is GNU 11.4.0
[0.088s] -- The CXX compiler identification is GNU 11.4.0
[0.093s] -- Detecting C compiler ABI info
[0.144s] -- Detecting C compiler ABI info - done
[0.151s] -- Check for working C compiler: /usr/bin/cc - skipped
[0.151s] -- Detecting C compile features
[0.152s] -- Detecting C compile features - done
[0.154s] -- Detecting CXX compiler ABI info
[0.219s] -- Detecting CXX compiler ABI info - done
[0.226s] -- Check for working CXX compiler: /usr/bin/c++ - skipped
[0.226s] -- Detecting CXX compile features
[0.226s] -- Detecting CXX compile features - done
[0.228s] -- Found ament_cmake: 1.3.8 (/opt/ros/humble/share/ament_cmake/cmake)
[0.343s] -- Found Python3: /usr/bin/python3 (found version "3.10.12") found components: Interpreter 
[0.408s] -- Found ament_lint_auto: 0.12.10 (/opt/ros/humble/share/ament_lint_auto/cmake)
[0.467s] -- Added test 'copyright' to check source files copyright and LICENSE
[0.469s] -- Added test 'flake8' to check Python code syntax and style conventions
[0.469s] -- Added test 'lint_cmake' to check CMake code style
[0.469s] -- Added test 'pep257' to check Python code against some of the docstring style conventions in PEP 257
[0.470s] -- Added test 'xmllint' to check XML markup files
[0.471s] -- Configuring done
[0.473s] -- Generating done
[0.474s] -- Build files have been written to: /home/mahdi/flutter_projects/lwarriors_drone_ws/build/rangers
[0.478s] Invoked command in '/home/mahdi/flutter_projects/lwarriors_drone_ws/build/rangers' returned '0': CMAKE_PREFIX_PATH=${CMAKE_PREFIX_PATH}:/opt/ros/humble /usr/bin/cmake /home/mahdi/flutter_projects/lwarriors_drone_ws/src/rangers -DCMAKE_INSTALL_PREFIX=/home/mahdi/flutter_projects/lwarriors_drone_ws/install/rangers
[0.479s] Invoking command in '/home/mahdi/flutter_projects/lwarriors_drone_ws/build/rangers': CMAKE_PREFIX_PATH=${CMAKE_PREFIX_PATH}:/opt/ros/humble /usr/bin/cmake --build /home/mahdi/flutter_projects/lwarriors_drone_ws/build/rangers -- -j8 -l8
[0.505s] Invoked command in '/home/mahdi/flutter_projects/lwarriors_drone_ws/build/rangers' returned '0': CMAKE_PREFIX_PATH=${CMAKE_PREFIX_PATH}:/opt/ros/humble /usr/bin/cmake --build /home/mahdi/flutter_projects/lwarriors_drone_ws/build/rangers -- -j8 -l8
[0.528s] Invoking command in '/home/mahdi/flutter_projects/lwarriors_drone_ws/build/rangers': CMAKE_PREFIX_PATH=${CMAKE_PREFIX_PATH}:/opt/ros/humble /usr/bin/cmake --install /home/mahdi/flutter_projects/lwarriors_drone_ws/build/rangers
[0.535s] -- Install configuration: ""
[0.535s] -- Up-to-date: /home/mahdi/flutter_projects/lwarriors_drone_ws/install/rangers/share/rangers/config
[0.535s] -- Up-to-date: /home/mahdi/flutter_projects/lwarriors_drone_ws/install/rangers/share/rangers/config/empty.yaml
[0.535s] -- Up-to-date: /home/mahdi/flutter_projects/lwarriors_drone_ws/install/rangers/share/rangers/config/view_bot.rviz
[0.535s] -- Up-to-date: /home/mahdi/flutter_projects/lwarriors_drone_ws/install/rangers/share/rangers/config/drive_bot.rviz
[0.535s] -- Up-to-date: /home/mahdi/flutter_projects/lwarriors_drone_ws/install/rangers/share/rangers/description
[0.535s] -- Up-to-date: /home/mahdi/flutter_projects/lwarriors_drone_ws/install/rangers/share/rangers/description/gazebo_control.xacro
[0.535s] -- Up-to-date: /home/mahdi/flutter_projects/lwarriors_drone_ws/install/rangers/share/rangers/description/inertial_macros.xacro
[0.535s] -- Installing: /home/mahdi/flutter_projects/lwarriors_drone_ws/install/rangers/share/rangers/description/robot.urdf.xacro
[0.535s] -- Up-to-date: /home/mahdi/flutter_projects/lwarriors_drone_ws/install/rangers/share/rangers/description/robot_core.xacro
[0.535s] -- Up-to-date: /home/mahdi/flutter_projects/lwarriors_drone_ws/install/rangers/share/rangers/launch
[0.535s] -- Up-to-date: /home/mahdi/flutter_projects/lwarriors_drone_ws/install/rangers/share/rangers/launch/launch_sim.launch.py
[0.536s] -- Up-to-date: /home/mahdi/flutter_projects/lwarriors_drone_ws/install/rangers/share/rangers/launch/rsp.launch.py
[0.536s] -- Up-to-date: /home/mahdi/flutter_projects/lwarriors_drone_ws/install/rangers/share/rangers/worlds
[0.536s] -- Up-to-date: /home/mahdi/flutter_projects/lwarriors_drone_ws/install/rangers/share/rangers/worlds/obstacles.world
[0.536s] -- Up-to-date: /home/mahdi/flutter_projects/lwarriors_drone_ws/install/rangers/share/rangers/worlds/empty.world
[0.536s] -- Installing: /home/mahdi/flutter_projects/lwarriors_drone_ws/install/rangers/share/ament_index/resource_index/package_run_dependencies/rangers
[0.536s] -- Installing: /home/mahdi/flutter_projects/lwarriors_drone_ws/install/rangers/share/ament_index/resource_index/parent_prefix_path/rangers
[0.536s] -- Up-to-date: /home/mahdi/flutter_projects/lwarriors_drone_ws/install/rangers/share/rangers/environment/ament_prefix_path.sh
[0.536s] -- Installing: /home/mahdi/flutter_projects/lwarriors_drone_ws/install/rangers/share/rangers/environment/ament_prefix_path.dsv
[0.536s] -- Up-to-date: /home/mahdi/flutter_projects/lwarriors_drone_ws/install/rangers/share/rangers/environment/path.sh
[0.536s] -- Installing: /home/mahdi/flutter_projects/lwarriors_drone_ws/install/rangers/share/rangers/environment/path.dsv
[0.536s] -- Installing: /home/mahdi/flutter_projects/lwarriors_drone_ws/install/rangers/share/rangers/local_setup.bash
[0.536s] -- Installing: /home/mahdi/flutter_projects/lwarriors_drone_ws/install/rangers/share/rangers/local_setup.sh
[0.536s] -- Installing: /home/mahdi/flutter_projects/lwarriors_drone_ws/install/rangers/share/rangers/local_setup.zsh
[0.537s] -- Installing: /home/mahdi/flutter_projects/lwarriors_drone_ws/install/rangers/share/rangers/local_setup.dsv
[0.537s] -- Installing: /home/mahdi/flutter_projects/lwarriors_drone_ws/install/rangers/share/rangers/package.dsv
[0.537s] -- Installing: /home/mahdi/flutter_projects/lwarriors_drone_ws/install/rangers/share/ament_index/resource_index/packages/rangers
[0.537s] -- Installing: /home/mahdi/flutter_projects/lwarriors_drone_ws/install/rangers/share/rangers/cmake/rangersConfig.cmake
[0.537s] -- Installing: /home/mahdi/flutter_projects/lwarriors_drone_ws/install/rangers/share/rangers/cmake/rangersConfig-version.cmake
[0.537s] -- Up-to-date: /home/mahdi/flutter_projects/lwarriors_drone_ws/install/rangers/share/rangers/package.xml
[0.538s] Invoked command in '/home/mahdi/flutter_projects/lwarriors_drone_ws/build/rangers' returned '0': CMAKE_PREFIX_PATH=${CMAKE_PREFIX_PATH}:/opt/ros/humble /usr/bin/cmake --install /home/mahdi/flutter_projects/lwarriors_drone_ws/build/rangers
