[0.009s] Invoking command in '/home/mahdi/flutter_projects/lwarriors_drone_ws/build/rangers': CMAKE_PREFIX_PATH=${CMAKE_PREFIX_PATH}:/opt/ros/humble CONDA_PROMPT_MODIFIER=(base) /usr/bin/cmake /home/mahdi/flutter_projects/lwarriors_drone_ws/src/rangers -DCMAKE_INSTALL_PREFIX=/home/mahdi/flutter_projects/lwarriors_drone_ws/install/rangers
[0.052s] -- The C compiler identification is GNU 11.4.0
[0.094s] -- The CXX compiler identification is GNU 11.4.0
[0.100s] -- Detecting C compiler ABI info
[0.158s] -- Detecting C compiler ABI info - done
[0.167s] -- Check for working C compiler: /usr/bin/cc - skipped
[0.167s] -- Detecting C compile features
[0.167s] -- Detecting C compile features - done
[0.170s] -- Detecting CXX compiler ABI info
[0.243s] -- Detecting CXX compiler ABI info - done
[0.251s] -- Check for working CXX compiler: /usr/bin/c++ - skipped
[0.251s] -- Detecting CXX compile features
[0.252s] -- Detecting CXX compile features - done
[0.253s] -- Found ament_cmake: 1.3.8 (/opt/ros/humble/share/ament_cmake/cmake)
[0.400s] -- Found Python3: /home/mahdi/anaconda3/bin/python3 (found version "3.9.7") found components: Interpreter 
[0.470s] -- Found ament_lint_auto: 0.12.10 (/opt/ros/humble/share/ament_lint_auto/cmake)
[0.583s] -- Added test 'copyright' to check source files copyright and LICENSE
[0.585s] -- Added test 'flake8' to check Python code syntax and style conventions
[0.585s] -- Added test 'lint_cmake' to check CMake code style
[0.586s] -- Added test 'pep257' to check Python code against some of the docstring style conventions in PEP 257
[0.587s] -- Added test 'xmllint' to check XML markup files
[0.588s] -- Configuring done
[0.590s] -- Generating done
[0.591s] -- Build files have been written to: /home/mahdi/flutter_projects/lwarriors_drone_ws/build/rangers
[0.596s] Invoked command in '/home/mahdi/flutter_projects/lwarriors_drone_ws/build/rangers' returned '0': CMAKE_PREFIX_PATH=${CMAKE_PREFIX_PATH}:/opt/ros/humble CONDA_PROMPT_MODIFIER=(base) /usr/bin/cmake /home/mahdi/flutter_projects/lwarriors_drone_ws/src/rangers -DCMAKE_INSTALL_PREFIX=/home/mahdi/flutter_projects/lwarriors_drone_ws/install/rangers
[0.596s] Invoking command in '/home/mahdi/flutter_projects/lwarriors_drone_ws/build/rangers': CMAKE_PREFIX_PATH=${CMAKE_PREFIX_PATH}:/opt/ros/humble CONDA_PROMPT_MODIFIER=(base) /usr/bin/cmake --build /home/mahdi/flutter_projects/lwarriors_drone_ws/build/rangers -- -j8 -l8
[0.628s] Invoked command in '/home/mahdi/flutter_projects/lwarriors_drone_ws/build/rangers' returned '0': CMAKE_PREFIX_PATH=${CMAKE_PREFIX_PATH}:/opt/ros/humble CONDA_PROMPT_MODIFIER=(base) /usr/bin/cmake --build /home/mahdi/flutter_projects/lwarriors_drone_ws/build/rangers -- -j8 -l8
[0.654s] Invoking command in '/home/mahdi/flutter_projects/lwarriors_drone_ws/build/rangers': CMAKE_PREFIX_PATH=${CMAKE_PREFIX_PATH}:/opt/ros/humble CONDA_PROMPT_MODIFIER=(base) /usr/bin/cmake --install /home/mahdi/flutter_projects/lwarriors_drone_ws/build/rangers
[0.661s] -- Install configuration: ""
[0.661s] -- Up-to-date: /home/mahdi/flutter_projects/lwarriors_drone_ws/install/rangers/share/rangers/config
[0.661s] -- Up-to-date: /home/mahdi/flutter_projects/lwarriors_drone_ws/install/rangers/share/rangers/config/empty.yaml
[0.661s] -- Up-to-date: /home/mahdi/flutter_projects/lwarriors_drone_ws/install/rangers/share/rangers/config/view_bot.rviz
[0.661s] -- Up-to-date: /home/mahdi/flutter_projects/lwarriors_drone_ws/install/rangers/share/rangers/config/drive_bot.rviz
[0.661s] -- Up-to-date: /home/mahdi/flutter_projects/lwarriors_drone_ws/install/rangers/share/rangers/description
[0.661s] -- Up-to-date: /home/mahdi/flutter_projects/lwarriors_drone_ws/install/rangers/share/rangers/description/gazebo_control.xacro
[0.662s] -- Up-to-date: /home/mahdi/flutter_projects/lwarriors_drone_ws/install/rangers/share/rangers/description/inertial_macros.xacro
[0.662s] -- Up-to-date: /home/mahdi/flutter_projects/lwarriors_drone_ws/install/rangers/share/rangers/description/robot.urdf.xacro
[0.662s] -- Up-to-date: /home/mahdi/flutter_projects/lwarriors_drone_ws/install/rangers/share/rangers/description/robot_core.xacro
[0.662s] -- Up-to-date: /home/mahdi/flutter_projects/lwarriors_drone_ws/install/rangers/share/rangers/launch
[0.662s] -- Up-to-date: /home/mahdi/flutter_projects/lwarriors_drone_ws/install/rangers/share/rangers/launch/launch_sim.launch.py
[0.662s] -- Up-to-date: /home/mahdi/flutter_projects/lwarriors_drone_ws/install/rangers/share/rangers/launch/rsp.launch.py
[0.662s] -- Up-to-date: /home/mahdi/flutter_projects/lwarriors_drone_ws/install/rangers/share/rangers/worlds
[0.662s] -- Up-to-date: /home/mahdi/flutter_projects/lwarriors_drone_ws/install/rangers/share/rangers/worlds/obstacles.world
[0.662s] -- Up-to-date: /home/mahdi/flutter_projects/lwarriors_drone_ws/install/rangers/share/rangers/worlds/empty.world
[0.662s] -- Installing: /home/mahdi/flutter_projects/lwarriors_drone_ws/install/rangers/share/ament_index/resource_index/package_run_dependencies/rangers
[0.662s] -- Installing: /home/mahdi/flutter_projects/lwarriors_drone_ws/install/rangers/share/ament_index/resource_index/parent_prefix_path/rangers
[0.662s] -- Up-to-date: /home/mahdi/flutter_projects/lwarriors_drone_ws/install/rangers/share/rangers/environment/ament_prefix_path.sh
[0.662s] -- Installing: /home/mahdi/flutter_projects/lwarriors_drone_ws/install/rangers/share/rangers/environment/ament_prefix_path.dsv
[0.662s] -- Up-to-date: /home/mahdi/flutter_projects/lwarriors_drone_ws/install/rangers/share/rangers/environment/path.sh
[0.663s] -- Installing: /home/mahdi/flutter_projects/lwarriors_drone_ws/install/rangers/share/rangers/environment/path.dsv
[0.663s] -- Installing: /home/mahdi/flutter_projects/lwarriors_drone_ws/install/rangers/share/rangers/local_setup.bash
[0.663s] -- Installing: /home/mahdi/flutter_projects/lwarriors_drone_ws/install/rangers/share/rangers/local_setup.sh
[0.663s] -- Installing: /home/mahdi/flutter_projects/lwarriors_drone_ws/install/rangers/share/rangers/local_setup.zsh
[0.663s] -- Installing: /home/mahdi/flutter_projects/lwarriors_drone_ws/install/rangers/share/rangers/local_setup.dsv
[0.663s] -- Installing: /home/mahdi/flutter_projects/lwarriors_drone_ws/install/rangers/share/rangers/package.dsv
[0.663s] -- Installing: /home/mahdi/flutter_projects/lwarriors_drone_ws/install/rangers/share/ament_index/resource_index/packages/rangers
[0.663s] -- Installing: /home/mahdi/flutter_projects/lwarriors_drone_ws/install/rangers/share/rangers/cmake/rangersConfig.cmake
[0.663s] -- Installing: /home/mahdi/flutter_projects/lwarriors_drone_ws/install/rangers/share/rangers/cmake/rangersConfig-version.cmake
[0.663s] -- Up-to-date: /home/mahdi/flutter_projects/lwarriors_drone_ws/install/rangers/share/rangers/package.xml
[0.664s] Invoked command in '/home/mahdi/flutter_projects/lwarriors_drone_ws/build/rangers' returned '0': CMAKE_PREFIX_PATH=${CMAKE_PREFIX_PATH}:/opt/ros/humble CONDA_PROMPT_MODIFIER=(base) /usr/bin/cmake --install /home/mahdi/flutter_projects/lwarriors_drone_ws/build/rangers
