[0.007s] Invoking command in '/home/mahdi/Downloads/rangers/build/rangers': CMAKE_PREFIX_PATH=/opt/ros/humble CONDA_PROMPT_MODIFIER=(base) /usr/bin/cmake /home/mahdi/Downloads/rangers/src/rangers -DCMAKE_INSTALL_PREFIX=/home/mahdi/Downloads/rangers/install/rangers
[0.047s] -- The C compiler identification is GNU 11.4.0
[0.088s] -- The CXX compiler identification is GNU 11.4.0
[0.093s] -- Detecting C compiler ABI info
[0.144s] -- Detecting C compiler ABI info - done
[0.150s] -- Check for working C compiler: /usr/bin/cc - skipped
[0.151s] -- Detecting C compile features
[0.151s] -- Detecting C compile features - done
[0.154s] -- Detecting CXX compiler ABI info
[0.210s] -- Detecting CXX compiler ABI info - done
[0.217s] -- Check for working CXX compiler: /usr/bin/c++ - skipped
[0.217s] -- Detecting CXX compile features
[0.217s] -- Detecting CXX compile features - done
[0.219s] -- Found ament_cmake: 1.3.8 (/opt/ros/humble/share/ament_cmake/cmake)
[0.359s] -- Found Python3: /home/mahdi/anaconda3/bin/python3 (found version "3.9.7") found components: Interpreter 
[0.424s] -- Found ament_lint_auto: 0.12.10 (/opt/ros/humble/share/ament_lint_auto/cmake)
[0.530s] -- Added test 'copyright' to check source files copyright and LICENSE
[0.531s] -- Added test 'flake8' to check Python code syntax and style conventions
[0.531s] -- Added test 'lint_cmake' to check CMake code style
[0.532s] -- Added test 'pep257' to check Python code against some of the docstring style conventions in PEP 257
[0.533s] -- Added test 'xmllint' to check XML markup files
[0.533s] -- Configuring done
[0.536s] -- Generating done
[0.536s] -- Build files have been written to: /home/mahdi/Downloads/rangers/build/rangers
[0.539s] Invoked command in '/home/mahdi/Downloads/rangers/build/rangers' returned '0': CMAKE_PREFIX_PATH=/opt/ros/humble CONDA_PROMPT_MODIFIER=(base) /usr/bin/cmake /home/mahdi/Downloads/rangers/src/rangers -DCMAKE_INSTALL_PREFIX=/home/mahdi/Downloads/rangers/install/rangers
[0.541s] Invoking command in '/home/mahdi/Downloads/rangers/build/rangers': CMAKE_PREFIX_PATH=/opt/ros/humble CONDA_PROMPT_MODIFIER=(base) /usr/bin/cmake --build /home/mahdi/Downloads/rangers/build/rangers -- -j8 -l8
[0.568s] Invoked command in '/home/mahdi/Downloads/rangers/build/rangers' returned '0': CMAKE_PREFIX_PATH=/opt/ros/humble CONDA_PROMPT_MODIFIER=(base) /usr/bin/cmake --build /home/mahdi/Downloads/rangers/build/rangers -- -j8 -l8
[0.589s] Invoking command in '/home/mahdi/Downloads/rangers/build/rangers': CMAKE_PREFIX_PATH=/opt/ros/humble CONDA_PROMPT_MODIFIER=(base) /usr/bin/cmake --install /home/mahdi/Downloads/rangers/build/rangers
[0.595s] -- Install configuration: ""
[0.596s] -- Installing: /home/mahdi/Downloads/rangers/install/rangers/share/rangers/config
[0.596s] -- Installing: /home/mahdi/Downloads/rangers/install/rangers/share/rangers/config/empty.yaml
[0.596s] -- Installing: /home/mahdi/Downloads/rangers/install/rangers/share/rangers/config/view_bot.rviz
[0.596s] -- Installing: /home/mahdi/Downloads/rangers/install/rangers/share/rangers/config/drive_bot.rviz
[0.596s] -- Installing: /home/mahdi/Downloads/rangers/install/rangers/share/rangers/description
[0.596s] -- Installing: /home/mahdi/Downloads/rangers/install/rangers/share/rangers/description/gazebo_control.xacro
[0.596s] -- Installing: /home/mahdi/Downloads/rangers/install/rangers/share/rangers/description/inertial_macros.xacro
[0.596s] -- Installing: /home/mahdi/Downloads/rangers/install/rangers/share/rangers/description/robot.urdf.xacro
[0.596s] -- Installing: /home/mahdi/Downloads/rangers/install/rangers/share/rangers/description/robot_core.xacro
[0.596s] -- Installing: /home/mahdi/Downloads/rangers/install/rangers/share/rangers/launch
[0.596s] -- Installing: /home/mahdi/Downloads/rangers/install/rangers/share/rangers/launch/launch_sim.launch.py
[0.596s] -- Installing: /home/mahdi/Downloads/rangers/install/rangers/share/rangers/launch/rsp.launch.py
[0.596s] -- Installing: /home/mahdi/Downloads/rangers/install/rangers/share/rangers/worlds
[0.596s] -- Installing: /home/mahdi/Downloads/rangers/install/rangers/share/rangers/worlds/obstacles.world
[0.597s] -- Installing: /home/mahdi/Downloads/rangers/install/rangers/share/rangers/worlds/empty.world
[0.597s] -- Installing: /home/mahdi/Downloads/rangers/install/rangers/share/ament_index/resource_index/package_run_dependencies/rangers
[0.597s] -- Installing: /home/mahdi/Downloads/rangers/install/rangers/share/ament_index/resource_index/parent_prefix_path/rangers
[0.597s] -- Installing: /home/mahdi/Downloads/rangers/install/rangers/share/rangers/environment/ament_prefix_path.sh
[0.597s] -- Installing: /home/mahdi/Downloads/rangers/install/rangers/share/rangers/environment/ament_prefix_path.dsv
[0.597s] -- Installing: /home/mahdi/Downloads/rangers/install/rangers/share/rangers/environment/path.sh
[0.597s] -- Installing: /home/mahdi/Downloads/rangers/install/rangers/share/rangers/environment/path.dsv
[0.597s] -- Installing: /home/mahdi/Downloads/rangers/install/rangers/share/rangers/local_setup.bash
[0.597s] -- Installing: /home/mahdi/Downloads/rangers/install/rangers/share/rangers/local_setup.sh
[0.597s] -- Installing: /home/mahdi/Downloads/rangers/install/rangers/share/rangers/local_setup.zsh
[0.597s] -- Installing: /home/mahdi/Downloads/rangers/install/rangers/share/rangers/local_setup.dsv
[0.597s] -- Installing: /home/mahdi/Downloads/rangers/install/rangers/share/rangers/package.dsv
[0.597s] -- Installing: /home/mahdi/Downloads/rangers/install/rangers/share/ament_index/resource_index/packages/rangers
[0.598s] -- Installing: /home/mahdi/Downloads/rangers/install/rangers/share/rangers/cmake/rangersConfig.cmake
[0.598s] -- Installing: /home/mahdi/Downloads/rangers/install/rangers/share/rangers/cmake/rangersConfig-version.cmake
[0.598s] -- Installing: /home/mahdi/Downloads/rangers/install/rangers/share/rangers/package.xml
[0.599s] Invoked command in '/home/mahdi/Downloads/rangers/build/rangers' returned '0': CMAKE_PREFIX_PATH=/opt/ros/humble CONDA_PROMPT_MODIFIER=(base) /usr/bin/cmake --install /home/mahdi/Downloads/rangers/build/rangers
